Flutter crash report.
Please report a bug at https://github.com/flutter/flutter/issues.

## command

flutter run

## exception

NoSuchMethodError: NoSuchMethodError: The getter 'packageUriRoot' was called on null.
Receiver: null
Tried calling: packageUriRoot

```
#0      Object.noSuchMethod (dart:core-patch/object_patch.dart:38:5)
#1      _loadDwdsDirectory (package:flutter_tools/src/isolated/devfs_web.dart:1023:53)
<asynchronous suspension>
#2      WebAssetServer.start (package:flutter_tools/src/isolated/devfs_web.dart:258:9)
<asynchronous suspension>
#3      WebDevFS.create (package:flutter_tools/src/isolated/devfs_web.dart:731:22)
<asynchronous suspension>
#4      ResidentWebRunner.run.<anonymous closure> (package:flutter_tools/src/isolated/resident_web_runner.dart:285:25)
<asynchronous suspension>
#5      asyncGuard.<anonymous closure> (package:flutter_tools/src/base/async_guard.dart:111:24)
<asynchronous suspension>
```

## flutter doctor

```
[✓] Flutter (Channel stable, 2.10.5, on Microsoft Windows [Version 10.0.17763.1935], locale zh-CN)
    • Flutter version 2.10.5 at D:\flutter\flutter
    • Upstream repository https://github.com/flutter/flutter.git
    • Framework revision 5464c5bac7 (4 weeks ago), 2022-04-18 09:55:37 -0700
    • Engine revision 57d3bac3dd
    • Dart version 2.16.2
    • DevTools version 2.9.2
    • Pub download mirror https://pub.flutter-io.cn
    • Flutter download mirror https://storage.flutter-io.cn

[✓] Android toolchain - develop for Android devices (Android SDK version 32.1.0-rc1)
    • Android SDK at D:\AndroidStudio\Sdk
    • Platform android-32, build-tools 32.1.0-rc1
    • Java binary at: D:\AndroidStudio\Android\jre\bin\java
    • Java version OpenJDK Runtime Environment (build 11.0.11+9-b60-7590822)
    • All Android licenses accepted.

[✓] Chrome - develop for the web
    • Chrome at C:\Program Files\Google\Chrome\Application\chrome.exe

[✗] Visual Studio - develop for Windows
    ✗ Visual Studio not installed; this is necessary for Windows development.
      Download at https://visualstudio.microsoft.com/downloads/.
      Please install the "Desktop development with C++" workload, including all of its default components

[✓] Android Studio (version 2021.1)
    • Android Studio at D:\AndroidStudio\Android
    • Flutter plugin can be installed from:
      🔨 https://plugins.jetbrains.com/plugin/9212-flutter
    • Dart plugin can be installed from:
      🔨 https://plugins.jetbrains.com/plugin/6351-dart
    • Java version OpenJDK Runtime Environment (build 11.0.11+9-b60-7590822)

[✓] Connected device (2 available)
    • Windows (desktop) • windows • windows-x64    • Microsoft Windows [Version 10.0.17763.1935]
    • Chrome (web)      • chrome  • web-javascript • Google Chrome 101.0.4951.54

[✓] HTTP Host Availability
    • All required HTTP hosts are available

! Doctor found issues in 1 category.
```
